<?xml version="1.0" encoding="UTF-8"?>
<!-- Generated by org.testng.reporters.JUnitXMLReporter -->
<testsuite ignored="0" hostname="DESKTOP-DH3RD78" failures="0" tests="7" name="Test" time="27.273" errors="0" timestamp="2022-12-19T12:49:42 IST">
  <testcase classname="com.facebook.testcases.LoginPageTest" name="SignUpTest" time="1.362"/>
  <testcase classname="com.facebook.testcases.LoginPageTest" name="forgetPasswordTest" time="0.017"/>
  <testcase classname="com.facebook.testcases.LoginPageTest" name="loginTest" time="0.352"/>
  <testcase classname="com.facebook.testcases.LoginPageTest" name="multipleLoign" time="0.341"/>
  <testcase classname="com.facebook.testcases.LoginPageTest" name="multipleLoign" time="0.346"/>
  <testcase classname="com.facebook.testcases.LoginPageTest" name="multipleLoign" time="0.435"/>
  <testcase classname="com.facebook.testcases.LoginPageTest" name="verifyTitle" time="0.028"/>
</testsuite> <!-- Test -->
