<?xml version="1.0" encoding="UTF-8"?>
<testng-results ignored="0" total="7" passed="6" failed="1" skipped="0">
  <reporter-output>
  </reporter-output>
  <suite started-at="2022-12-19T13:02:17 IST" name="Default suite" finished-at="2022-12-19T13:04:48 IST" duration-ms="150820">
    <groups>
    </groups>
    <test started-at="2022-12-19T13:02:17 IST" name="Default test" finished-at="2022-12-19T13:04:48 IST" duration-ms="150820">
      <class name="com.facebook.testcases.LoginPageTest">
        <test-method is-config="true" signature="setUp()[pri:0, instance:com.facebook.testcases.LoginPageTest@723e88f9]" started-at="2022-12-19T13:02:17 IST" name="setUp" finished-at="2022-12-19T13:02:30 IST" duration-ms="13189" status="PASS">
          <reporter-output>
          </reporter-output>
        </test-method> <!-- setUp -->
        <test-method signature="SignUpTest()[pri:0, instance:com.facebook.testcases.LoginPageTest@723e88f9]" started-at="2022-12-19T13:02:31 IST" name="SignUpTest" finished-at="2022-12-19T13:02:36 IST" duration-ms="5547" status="PASS">
          <reporter-output>
          </reporter-output>
        </test-method> <!-- SignUpTest -->
        <test-method is-config="true" signature="down()[pri:0, instance:com.facebook.testcases.LoginPageTest@723e88f9]" started-at="2022-12-19T13:02:36 IST" name="down" finished-at="2022-12-19T13:02:36 IST" duration-ms="8" status="PASS">
          <reporter-output>
          </reporter-output>
        </test-method> <!-- down -->
        <test-method is-config="true" signature="setUp()[pri:0, instance:com.facebook.testcases.LoginPageTest@723e88f9]" started-at="2022-12-19T13:02:36 IST" name="setUp" finished-at="2022-12-19T13:02:44 IST" duration-ms="7669" status="PASS">
          <reporter-output>
          </reporter-output>
        </test-method> <!-- setUp -->
        <test-method signature="forgetPasswordTest()[pri:0, instance:com.facebook.testcases.LoginPageTest@723e88f9]" started-at="2022-12-19T13:02:44 IST" name="forgetPasswordTest" finished-at="2022-12-19T13:02:54 IST" duration-ms="10315" status="FAIL">
          <exception class="org.openqa.selenium.NoSuchElementException">
            <message>
              <![CDATA[no such element: Unable to locate element: {"method":"xpath","selector":"//a[text()='Forgotten passwor']"}
  (Session info: chrome=108.0.5359.100)
For documentation on this error, please visit: https://selenium.dev/exceptions/#no_such_element
Build info: version: '4.4.0', revision: 'e5c75ed026a'
System info: host: 'DESKTOP-DH3RD78', ip: '192.168.29.48', os.name: 'Windows 10', os.arch: 'amd64', os.version: '10.0', java.version: '16.0.2'
Driver info: org.openqa.selenium.chrome.ChromeDriver
Command: [133f55b19dfb91199a1486cdd8190686, findElement {using=xpath, value=//a[text()='Forgotten passwor']}]
Capabilities {acceptInsecureCerts: false, browserName: chrome, browserVersion: 108.0.5359.100, chrome: {chromedriverVersion: 107.0.5304.62 (1eec40d3a576..., userDataDir: C:\Users\punit\AppData\Loca...}, goog:chromeOptions: {debuggerAddress: localhost:53775}, networkConnectionEnabled: false, pageLoadStrategy: normal, platformName: WINDOWS, proxy: Proxy(), se:cdp: ws://localhost:53775/devtoo..., se:cdpVersion: 108.0.5359.100, setWindowRect: true, strictFileInteractability: false, timeouts: {implicit: 0, pageLoad: 300000, script: 30000}, unhandledPromptBehavior: dismiss and notify, webauthn:extension:credBlob: true, webauthn:extension:largeBlob: true, webauthn:virtualAuthenticators: true}
Session ID: 133f55b19dfb91199a1486cdd8190686]]>
            </message>
            <full-stacktrace>
              <![CDATA[org.openqa.selenium.NoSuchElementException: no such element: Unable to locate element: {"method":"xpath","selector":"//a[text()='Forgotten passwor']"}
  (Session info: chrome=108.0.5359.100)
For documentation on this error, please visit: https://selenium.dev/exceptions/#no_such_element
Build info: version: '4.4.0', revision: 'e5c75ed026a'
System info: host: 'DESKTOP-DH3RD78', ip: '192.168.29.48', os.name: 'Windows 10', os.arch: 'amd64', os.version: '10.0', java.version: '16.0.2'
Driver info: org.openqa.selenium.chrome.ChromeDriver
Command: [133f55b19dfb91199a1486cdd8190686, findElement {using=xpath, value=//a[text()='Forgotten passwor']}]
Capabilities {acceptInsecureCerts: false, browserName: chrome, browserVersion: 108.0.5359.100, chrome: {chromedriverVersion: 107.0.5304.62 (1eec40d3a576..., userDataDir: C:\Users\punit\AppData\Loca...}, goog:chromeOptions: {debuggerAddress: localhost:53775}, networkConnectionEnabled: false, pageLoadStrategy: normal, platformName: WINDOWS, proxy: Proxy(), se:cdp: ws://localhost:53775/devtoo..., se:cdpVersion: 108.0.5359.100, setWindowRect: true, strictFileInteractability: false, timeouts: {implicit: 0, pageLoad: 300000, script: 30000}, unhandledPromptBehavior: dismiss and notify, webauthn:extension:credBlob: true, webauthn:extension:largeBlob: true, webauthn:virtualAuthenticators: true}
Session ID: 133f55b19dfb91199a1486cdd8190686
at java.base/jdk.internal.reflect.NativeConstructorAccessorImpl.newInstance0(Native Method)
at java.base/jdk.internal.reflect.NativeConstructorAccessorImpl.newInstance(NativeConstructorAccessorImpl.java:78)
at java.base/jdk.internal.reflect.DelegatingConstructorAccessorImpl.newInstance(DelegatingConstructorAccessorImpl.java:45)
at java.base/java.lang.reflect.Constructor.newInstanceWithCaller(Constructor.java:499)
at java.base/java.lang.reflect.Constructor.newInstance(Constructor.java:480)
at org.openqa.selenium.remote.codec.w3c.W3CHttpResponseCodec.createException(W3CHttpResponseCodec.java:200)
at org.openqa.selenium.remote.codec.w3c.W3CHttpResponseCodec.decode(W3CHttpResponseCodec.java:133)
at org.openqa.selenium.remote.codec.w3c.W3CHttpResponseCodec.decode(W3CHttpResponseCodec.java:53)
at org.openqa.selenium.remote.HttpCommandExecutor.execute(HttpCommandExecutor.java:184)
at org.openqa.selenium.remote.service.DriverCommandExecutor.invokeExecute(DriverCommandExecutor.java:167)
at org.openqa.selenium.remote.service.DriverCommandExecutor.execute(DriverCommandExecutor.java:142)
at org.openqa.selenium.remote.RemoteWebDriver.execute(RemoteWebDriver.java:547)
at org.openqa.selenium.remote.ElementLocation$ElementFinder$2.findElement(ElementLocation.java:162)
at org.openqa.selenium.remote.ElementLocation.findElement(ElementLocation.java:60)
at org.openqa.selenium.remote.RemoteWebDriver.findElement(RemoteWebDriver.java:365)
at org.openqa.selenium.remote.RemoteWebDriver.findElement(RemoteWebDriver.java:357)
at org.openqa.selenium.support.pagefactory.DefaultElementLocator.findElement(DefaultElementLocator.java:70)
at org.openqa.selenium.support.pagefactory.internal.LocatingElementHandler.invoke(LocatingElementHandler.java:39)
at jdk.proxy2/jdk.proxy2.$Proxy21.click(Unknown Source)
at com.facebook.pages.ForgotPasswordPage.forgotPassword(ForgotPasswordPage.java:23)
at com.facebook.testcases.LoginPageTest.forgetPasswordTest(LoginPageTest.java:69)
at java.base/jdk.internal.reflect.NativeMethodAccessorImpl.invoke0(Native Method)
at java.base/jdk.internal.reflect.NativeMethodAccessorImpl.invoke(NativeMethodAccessorImpl.java:78)
at java.base/jdk.internal.reflect.DelegatingMethodAccessorImpl.invoke(DelegatingMethodAccessorImpl.java:43)
at java.base/java.lang.reflect.Method.invoke(Method.java:567)
at org.testng.internal.MethodInvocationHelper.invokeMethod(MethodInvocationHelper.java:133)
at org.testng.internal.TestInvoker.invokeMethod(TestInvoker.java:598)
at org.testng.internal.TestInvoker.invokeTestMethod(TestInvoker.java:173)
at org.testng.internal.MethodRunner.runInSequence(MethodRunner.java:46)
at org.testng.internal.TestInvoker$MethodInvocationAgent.invoke(TestInvoker.java:824)
at org.testng.internal.TestInvoker.invokeTestMethods(TestInvoker.java:146)
at org.testng.internal.TestMethodWorker.invokeTestMethods(TestMethodWorker.java:146)
at org.testng.internal.TestMethodWorker.run(TestMethodWorker.java:128)
at java.base/java.util.ArrayList.forEach(ArrayList.java:1511)
at org.testng.TestRunner.privateRun(TestRunner.java:794)
at org.testng.TestRunner.run(TestRunner.java:596)
at org.testng.SuiteRunner.runTest(SuiteRunner.java:377)
at org.testng.SuiteRunner.runSequentially(SuiteRunner.java:371)
at org.testng.SuiteRunner.privateRun(SuiteRunner.java:332)
at org.testng.SuiteRunner.run(SuiteRunner.java:276)
at org.testng.SuiteRunnerWorker.runSuite(SuiteRunnerWorker.java:53)
at org.testng.SuiteRunnerWorker.run(SuiteRunnerWorker.java:96)
at org.testng.TestNG.runSuitesSequentially(TestNG.java:1212)
at org.testng.TestNG.runSuitesLocally(TestNG.java:1134)
at org.testng.TestNG.runSuites(TestNG.java:1063)
at org.testng.TestNG.run(TestNG.java:1031)
at org.testng.remote.AbstractRemoteTestNG.run(AbstractRemoteTestNG.java:115)
at org.testng.remote.RemoteTestNG.initAndRun(RemoteTestNG.java:251)
at org.testng.remote.RemoteTestNG.main(RemoteTestNG.java:77)
]]>
            </full-stacktrace>
          </exception> <!-- org.openqa.selenium.NoSuchElementException -->
          <reporter-output>
          </reporter-output>
        </test-method> <!-- forgetPasswordTest -->
        <test-method is-config="true" signature="down()[pri:0, instance:com.facebook.testcases.LoginPageTest@723e88f9]" started-at="2022-12-19T13:02:54 IST" name="down" finished-at="2022-12-19T13:02:54 IST" duration-ms="19" status="PASS">
          <reporter-output>
          </reporter-output>
        </test-method> <!-- down -->
        <test-method is-config="true" signature="setUp()[pri:0, instance:com.facebook.testcases.LoginPageTest@723e88f9]" started-at="2022-12-19T13:02:54 IST" name="setUp" finished-at="2022-12-19T13:03:13 IST" duration-ms="18723" status="PASS">
          <reporter-output>
          </reporter-output>
        </test-method> <!-- setUp -->
        <test-method signature="loginTest()[pri:0, instance:com.facebook.testcases.LoginPageTest@723e88f9]" started-at="2022-12-19T13:03:13 IST" name="loginTest" finished-at="2022-12-19T13:03:19 IST" duration-ms="5578" status="PASS">
          <reporter-output>
          </reporter-output>
        </test-method> <!-- loginTest -->
        <test-method is-config="true" signature="down()[pri:0, instance:com.facebook.testcases.LoginPageTest@723e88f9]" started-at="2022-12-19T13:03:19 IST" name="down" finished-at="2022-12-19T13:03:19 IST" duration-ms="1" status="PASS">
          <reporter-output>
          </reporter-output>
        </test-method> <!-- down -->
        <test-method is-config="true" signature="setUp()[pri:0, instance:com.facebook.testcases.LoginPageTest@723e88f9]" started-at="2022-12-19T13:03:29 IST" name="setUp" finished-at="2022-12-19T13:03:56 IST" duration-ms="27567" status="PASS">
          <reporter-output>
          </reporter-output>
        </test-method> <!-- setUp -->
        <test-method signature="multipleLoign(java.lang.String,java.lang.String)[pri:0, instance:com.facebook.testcases.LoginPageTest@723e88f9]" started-at="2022-12-19T13:03:56 IST" name="multipleLoign" data-provider="getLoginTestData" finished-at="2022-12-19T13:04:01 IST" duration-ms="4267" status="PASS">
          <params>
            <param index="0">
              <value>
                <![CDATA[swarnahg18@gmail.com]]>
              </value>
            </param>
            <param index="1">
              <value>
                <![CDATA[swarna@123]]>
              </value>
            </param>
          </params>
          <reporter-output>
          </reporter-output>
        </test-method> <!-- multipleLoign -->
        <test-method is-config="true" signature="down()[pri:0, instance:com.facebook.testcases.LoginPageTest@723e88f9]" started-at="2022-12-19T13:04:01 IST" name="down" finished-at="2022-12-19T13:04:01 IST" duration-ms="1" status="PASS">
          <reporter-output>
          </reporter-output>
        </test-method> <!-- down -->
        <test-method is-config="true" signature="setUp()[pri:0, instance:com.facebook.testcases.LoginPageTest@723e88f9]" started-at="2022-12-19T13:04:01 IST" name="setUp" finished-at="2022-12-19T13:04:14 IST" duration-ms="13261" status="PASS">
          <reporter-output>
          </reporter-output>
        </test-method> <!-- setUp -->
        <test-method signature="multipleLoign(java.lang.String,java.lang.String)[pri:0, instance:com.facebook.testcases.LoginPageTest@723e88f9]" started-at="2022-12-19T13:04:14 IST" name="multipleLoign" data-provider="getLoginTestData" finished-at="2022-12-19T13:04:15 IST" duration-ms="1449" status="PASS">
          <params>
            <param index="0">
              <value>
                <![CDATA[swaroophg29@gmail.com]]>
              </value>
            </param>
            <param index="1">
              <value>
                <![CDATA[swaroop@1234]]>
              </value>
            </param>
          </params>
          <reporter-output>
          </reporter-output>
        </test-method> <!-- multipleLoign -->
        <test-method is-config="true" signature="down()[pri:0, instance:com.facebook.testcases.LoginPageTest@723e88f9]" started-at="2022-12-19T13:04:16 IST" name="down" finished-at="2022-12-19T13:04:16 IST" duration-ms="1" status="PASS">
          <reporter-output>
          </reporter-output>
        </test-method> <!-- down -->
        <test-method is-config="true" signature="setUp()[pri:0, instance:com.facebook.testcases.LoginPageTest@723e88f9]" started-at="2022-12-19T13:04:16 IST" name="setUp" finished-at="2022-12-19T13:04:31 IST" duration-ms="15176" status="PASS">
          <reporter-output>
          </reporter-output>
        </test-method> <!-- setUp -->
        <test-method signature="multipleLoign(java.lang.String,java.lang.String)[pri:0, instance:com.facebook.testcases.LoginPageTest@723e88f9]" started-at="2022-12-19T13:04:31 IST" name="multipleLoign" data-provider="getLoginTestData" finished-at="2022-12-19T13:04:32 IST" duration-ms="1748" status="PASS">
          <params>
            <param index="0">
              <value>
                <![CDATA[amith10@gmail.com]]>
              </value>
            </param>
            <param index="1">
              <value>
                <![CDATA[amith@1234]]>
              </value>
            </param>
          </params>
          <reporter-output>
          </reporter-output>
        </test-method> <!-- multipleLoign -->
        <test-method is-config="true" signature="down()[pri:0, instance:com.facebook.testcases.LoginPageTest@723e88f9]" started-at="2022-12-19T13:04:32 IST" name="down" finished-at="2022-12-19T13:04:32 IST" duration-ms="1" status="PASS">
          <reporter-output>
          </reporter-output>
        </test-method> <!-- down -->
        <test-method is-config="true" signature="setUp()[pri:0, instance:com.facebook.testcases.LoginPageTest@723e88f9]" started-at="2022-12-19T13:04:33 IST" name="setUp" finished-at="2022-12-19T13:04:48 IST" duration-ms="15262" status="PASS">
          <reporter-output>
          </reporter-output>
        </test-method> <!-- setUp -->
        <test-method signature="verifyTitle()[pri:0, instance:com.facebook.testcases.LoginPageTest@723e88f9]" started-at="2022-12-19T13:04:48 IST" name="verifyTitle" finished-at="2022-12-19T13:04:48 IST" duration-ms="45" status="PASS">
          <reporter-output>
          </reporter-output>
        </test-method> <!-- verifyTitle -->
        <test-method is-config="true" signature="down()[pri:0, instance:com.facebook.testcases.LoginPageTest@723e88f9]" started-at="2022-12-19T13:04:48 IST" name="down" finished-at="2022-12-19T13:04:48 IST" duration-ms="2" status="PASS">
          <reporter-output>
          </reporter-output>
        </test-method> <!-- down -->
      </class> <!-- com.facebook.testcases.LoginPageTest -->
    </test> <!-- Default test -->
  </suite> <!-- Default suite -->
</testng-results>
